0 70
1 70
2 -320
3 -524
4 334
5 -346
6 -336
7 -70
8 376
9 70
10 -70
11 -70
12 70
13 -520
14 -376
15 402
16 -308
17 -66
18 70
19 70
20 -70
21 -72
22 -66
23 -72
24 -66
25 -312
26 -304
27 -314
28 -344
29 -340
30 72
31 -70
32 -66
33 70
34 70
35 -70
36 -350
37 -400
38 354
39 -352
40 70
41 -68
42 70
43 70
44 70
45 -70
46 66
47 -538
48 -350
49 -70
50 -70
51 70
52 70
53 -70
54 -66
55 -70
56 -68
57 -70
58 -384
59 -332
60 -366
61 366
62 -70
63 -70
64 -66
65 -70
66 -66
67 70
68 -70
69 -326
70 -360
71 304
72 -64
73 70
74 -66
75 -70
76 70
77 -70
78 -70
79 -70
80 -600
81 -332
82 -334
83 -390
84 -370
85 -70
86 70
87 -70
88 -64
89 -70
90 -70
91 -380
92 370
93 356
94 70
95 -70
96 70
97 64
98 -70
99 -70
100 70
101 -70
102 -70
103 338
104 -334
105 -70
106 -70
107 -66
108 -70
109 -76
110 -70
111 -70
112 66
113 -70
114 -346
115 -350
116 -302
117 -396
118 -70
119 70
120 -312
121 -68
122 72
123 -64
124 -70
125 -340
126 342
127 -350
128 -304
129 70
130 72
131 -70
132 70
133 70
134 72
135 -64
136 -316
137 310
138 320
139 -70
140 336
141 -70
142 -72
143 70
144 -70
145 -72
146 70
147 -370
148 -368
149 -328
150 -64
151 72
152 -70
153 70
154 -66
155 -70
156 70
157 -64
158 374
159 362
160 70
161 -70
162 -72
163 -68
164 -70
165 70
166 -70
167 -70
168 70
169 -336
170 -326
171 334
172 -342
173 350
174 -70
175 -70
176 66
177 66
178 68
179 -70
180 320
181 368
182 -320
183 -76
184 -72
185 -70
186 72
187 -70
188 -70
189 70
190 -70
191 -70
192 -374
193 -344
194 -64
195 -70
196 410
197 -72
198 -72
199 -70
200 -70
201 -70
202 -70
203 -362
204 338
205 -338
206 -68
207 -70
208 70
209 -70
210 -70
211 -70
212 -70
213 -70
214 308
215 -312
216 -70
217 -64
218 -70
219 70
220 -70
221 -70
222 -70
223 -66
224 70
225 -480
226 -364
227 -360
228 -322
229 330
230 -68
231 -72
232 -306
233 -66
234 70
235 -64
236 -354
237 -348
238 560
239 -348
240 -414
241 -72
242 70
243 64
244 70
245 -68
246 -70
247 -334
248 314
249 -326
250 -430
251 -322
252 -70
253 -70
254 70
255 70
